S aabaa
 Xaabaa
 aXabaa
 aaXbaa
 aabXaa
 aabaXa
 aabaaX
 aabaaYx
 aabaYax
 aabYaax
 aaYbaax
 aYabaax
 Yaabaax
Y aabaax
 Qaabaax
 Awabaax
 wAabaax
 waAbaax
 wabAaax
 wabaAax
 wabaaAx
 wabaaxA
 wabaaxUa
 wabaaUxa
 wabaUaxa
 wabUaaxa
 waUbaaxa
 wUabaaxa
 Uwabaaxa
 Waabaaxa
 aQabaaxa
 aAwbaaxa
 awAbaaxa
 awbAaaxa
 awbaAaxa
 awbaaAxa
 awbaaxAa
 awbaaxaA
 awbaaxaUa
 awbaaxUaa
 awbaaUxaa
 awbaUaxaa
 awbUaaxaa
 awUbaaxaa
 aUwbaaxaa
 aWabaaxaa
 aaQbaaxaa
 aaBwaaxaa
 aawBaaxaa
 aawaBaxaa
 aawaaBxaa
 aawaaxBaa
 aawaaxaBa
 aawaaxaaB
 aawaaxaaIb
 aawaaxaIab
 aawaaxIaab
 aawaaIxaab
 aawaIaxaab
 aawIaaxaab
 aaIwaaxaab
 aaWbaaxaab
 aabQaaxaab
 aabAwaxaab
 aabwAaxaab
 aabwaAxaab
 aabwaxAaab
 aabwaxaAab
 aabwaxaaAb
 aabwaxaabA
 aabwaxaabUa
 aabwaxaaUba
 aabwaxaUaba
 aabwaxUaaba
 aabwaUxaaba
 aabwUaxaaba
 aabUwaxaaba
 aabWaaxaaba
 aabaQaxaaba
 aabaAwxaaba
 aabawAxaaba
 aabawxAaaba
 aabawxaAaba
 aabawxaaAba
 aabawxaabAa
 aabawxaabaA
 aabawxaabaUa
 aabawxaabUaa
 aabawxaaUbaa
 aabawxaUabaa
 aabawxUaabaa
 aabawUxaabaa
 aabaUwxaabaa
 aabaWaxaabaa
 aabaaQxaabaa
 aabaaF aabaa
